<?xml version="1.0" encoding="UTF-8"?>
<testsuite name="testsHelpers.TestHelperMock" time="0.0" tests="1" errors="0" skipped="0" failures="0">
    <testcase name="TestHelperMock.mockTestGetUser" classname="testsHelpers.TestHelperMock" time="0.0"/>
</testsuite>