<?xml version="1.0" encoding="UTF-8"?>
<testsuite name="testsHelpers.TestHelperHTTP" time="0.0" tests="1" errors="0" skipped="0" failures="0">
    <testcase name="TestHelperHTTP.getTestAction" classname="testsHelpers.TestHelperHTTP" time="0.0"/>
</testsuite>